2018-09-08 14:54:33,861 WARN [nioEventLoopGroup-2-1] io.netty.channel.AbstractChannel [?:?] Force-closing a channel whose registration task was not accepted by an event loop: [id: 0x1fd76a62, L:/127.0.0.1:1080 - R:/127.0.0.1:58042]
java.util.concurrent.RejectedExecutionException: event executor terminated
	at io.netty.util.concurrent.SingleThreadEventExecutor.reject(SingleThreadEventExecutor.java:821) ~[mockserver-netty-5.3.0-jar-with-dependencies.jar:na]
	at io.netty.util.concurrent.SingleThreadEventExecutor.offerTask(SingleThreadEventExecutor.java:327) ~[mockserver-netty-5.3.0-jar-with-dependencies.jar:na]
	at io.netty.util.concurrent.SingleThreadEventExecutor.addTask(SingleThreadEventExecutor.java:320) ~[mockserver-netty-5.3.0-jar-with-dependencies.jar:na]
	at io.netty.util.concurrent.SingleThreadEventExecutor.execute(SingleThreadEventExecutor.java:746) ~[mockserver-netty-5.3.0-jar-with-dependencies.jar:na]
	at io.netty.channel.AbstractChannel$AbstractUnsafe.register(AbstractChannel.java:479) ~[mockserver-netty-5.3.0-jar-with-dependencies.jar:na]
	at io.netty.channel.SingleThreadEventLoop.register(SingleThreadEventLoop.java:80) [mockserver-netty-5.3.0-jar-with-dependencies.jar:na]
	at io.netty.channel.SingleThreadEventLoop.register(SingleThreadEventLoop.java:74) [mockserver-netty-5.3.0-jar-with-dependencies.jar:na]
	at io.netty.channel.MultithreadEventLoopGroup.register(MultithreadEventLoopGroup.java:86) [mockserver-netty-5.3.0-jar-with-dependencies.jar:na]
	at io.netty.bootstrap.ServerBootstrap$ServerBootstrapAcceptor.channelRead(ServerBootstrap.java:255) [mockserver-netty-5.3.0-jar-with-dependencies.jar:na]
	at io.netty.channel.AbstractChannelHandlerContext.invokeChannelRead(AbstractChannelHandlerContext.java:362) [mockserver-netty-5.3.0-jar-with-dependencies.jar:na]
	at io.netty.channel.AbstractChannelHandlerContext.invokeChannelRead(AbstractChannelHandlerContext.java:348) [mockserver-netty-5.3.0-jar-with-dependencies.jar:na]
	at io.netty.channel.AbstractChannelHandlerContext.fireChannelRead(AbstractChannelHandlerContext.java:340) [mockserver-netty-5.3.0-jar-with-dependencies.jar:na]
	at io.netty.channel.DefaultChannelPipeline$HeadContext.channelRead(DefaultChannelPipeline.java:1359) [mockserver-netty-5.3.0-jar-with-dependencies.jar:na]
	at io.netty.channel.AbstractChannelHandlerContext.invokeChannelRead(AbstractChannelHandlerContext.java:362) [mockserver-netty-5.3.0-jar-with-dependencies.jar:na]
	at io.netty.channel.AbstractChannelHandlerContext.invokeChannelRead(AbstractChannelHandlerContext.java:348) [mockserver-netty-5.3.0-jar-with-dependencies.jar:na]
	at io.netty.channel.DefaultChannelPipeline.fireChannelRead(DefaultChannelPipeline.java:935) [mockserver-netty-5.3.0-jar-with-dependencies.jar:na]
	at io.netty.channel.nio.AbstractNioMessageChannel$NioMessageUnsafe.read(AbstractNioMessageChannel.java:93) [mockserver-netty-5.3.0-jar-with-dependencies.jar:na]
	at io.netty.channel.nio.NioEventLoop.processSelectedKey(NioEventLoop.java:645) [mockserver-netty-5.3.0-jar-with-dependencies.jar:na]
	at io.netty.channel.nio.NioEventLoop.processSelectedKeysOptimized(NioEventLoop.java:580) [mockserver-netty-5.3.0-jar-with-dependencies.jar:na]
	at io.netty.channel.nio.NioEventLoop.processSelectedKeys(NioEventLoop.java:497) [mockserver-netty-5.3.0-jar-with-dependencies.jar:na]
	at io.netty.channel.nio.NioEventLoop.run(NioEventLoop.java:459) [mockserver-netty-5.3.0-jar-with-dependencies.jar:na]
	at io.netty.util.concurrent.SingleThreadEventExecutor$5.run(SingleThreadEventExecutor.java:858) [mockserver-netty-5.3.0-jar-with-dependencies.jar:na]
	at io.netty.util.concurrent.DefaultThreadFactory$DefaultRunnableDecorator.run(DefaultThreadFactory.java:138) [mockserver-netty-5.3.0-jar-with-dependencies.jar:na]
	at java.base/java.lang.Thread.run(Thread.java:844) [na:na]
2018-09-08 14:54:33,908 ERROR [nioEventLoopGroup-2-1] i.n.u.c.D.rejectedExecution [?:?] Failed to submit a listener notification task. Event loop shut down?
java.util.concurrent.RejectedExecutionException: event executor terminated
	at io.netty.util.concurrent.SingleThreadEventExecutor.reject(SingleThreadEventExecutor.java:821) ~[mockserver-netty-5.3.0-jar-with-dependencies.jar:na]
	at io.netty.util.concurrent.SingleThreadEventExecutor.offerTask(SingleThreadEventExecutor.java:327) ~[mockserver-netty-5.3.0-jar-with-dependencies.jar:na]
	at io.netty.util.concurrent.SingleThreadEventExecutor.addTask(SingleThreadEventExecutor.java:320) ~[mockserver-netty-5.3.0-jar-with-dependencies.jar:na]
	at io.netty.util.concurrent.SingleThreadEventExecutor.execute(SingleThreadEventExecutor.java:746) ~[mockserver-netty-5.3.0-jar-with-dependencies.jar:na]
	at io.netty.util.concurrent.DefaultPromise.safeExecute(DefaultPromise.java:760) [mockserver-netty-5.3.0-jar-with-dependencies.jar:na]
	at io.netty.util.concurrent.DefaultPromise.notifyListeners(DefaultPromise.java:428) [mockserver-netty-5.3.0-jar-with-dependencies.jar:na]
	at io.netty.util.concurrent.DefaultPromise.trySuccess(DefaultPromise.java:104) [mockserver-netty-5.3.0-jar-with-dependencies.jar:na]
	at io.netty.channel.DefaultChannelPromise.trySuccess(DefaultChannelPromise.java:82) [mockserver-netty-5.3.0-jar-with-dependencies.jar:na]
	at io.netty.channel.AbstractChannel$CloseFuture.setClosed(AbstractChannel.java:1148) [mockserver-netty-5.3.0-jar-with-dependencies.jar:na]
	at io.netty.channel.AbstractChannel$AbstractUnsafe.register(AbstractChannel.java:490) [mockserver-netty-5.3.0-jar-with-dependencies.jar:na]
	at io.netty.channel.SingleThreadEventLoop.register(SingleThreadEventLoop.java:80) [mockserver-netty-5.3.0-jar-with-dependencies.jar:na]
	at io.netty.channel.SingleThreadEventLoop.register(SingleThreadEventLoop.java:74) [mockserver-netty-5.3.0-jar-with-dependencies.jar:na]
	at io.netty.channel.MultithreadEventLoopGroup.register(MultithreadEventLoopGroup.java:86) [mockserver-netty-5.3.0-jar-with-dependencies.jar:na]
	at io.netty.bootstrap.ServerBootstrap$ServerBootstrapAcceptor.channelRead(ServerBootstrap.java:255) [mockserver-netty-5.3.0-jar-with-dependencies.jar:na]
	at io.netty.channel.AbstractChannelHandlerContext.invokeChannelRead(AbstractChannelHandlerContext.java:362) [mockserver-netty-5.3.0-jar-with-dependencies.jar:na]
	at io.netty.channel.AbstractChannelHandlerContext.invokeChannelRead(AbstractChannelHandlerContext.java:348) [mockserver-netty-5.3.0-jar-with-dependencies.jar:na]
	at io.netty.channel.AbstractChannelHandlerContext.fireChannelRead(AbstractChannelHandlerContext.java:340) [mockserver-netty-5.3.0-jar-with-dependencies.jar:na]
	at io.netty.channel.DefaultChannelPipeline$HeadContext.channelRead(DefaultChannelPipeline.java:1359) [mockserver-netty-5.3.0-jar-with-dependencies.jar:na]
	at io.netty.channel.AbstractChannelHandlerContext.invokeChannelRead(AbstractChannelHandlerContext.java:362) [mockserver-netty-5.3.0-jar-with-dependencies.jar:na]
	at io.netty.channel.AbstractChannelHandlerContext.invokeChannelRead(AbstractChannelHandlerContext.java:348) [mockserver-netty-5.3.0-jar-with-dependencies.jar:na]
	at io.netty.channel.DefaultChannelPipeline.fireChannelRead(DefaultChannelPipeline.java:935) [mockserver-netty-5.3.0-jar-with-dependencies.jar:na]
	at io.netty.channel.nio.AbstractNioMessageChannel$NioMessageUnsafe.read(AbstractNioMessageChannel.java:93) [mockserver-netty-5.3.0-jar-with-dependencies.jar:na]
	at io.netty.channel.nio.NioEventLoop.processSelectedKey(NioEventLoop.java:645) [mockserver-netty-5.3.0-jar-with-dependencies.jar:na]
	at io.netty.channel.nio.NioEventLoop.processSelectedKeysOptimized(NioEventLoop.java:580) [mockserver-netty-5.3.0-jar-with-dependencies.jar:na]
	at io.netty.channel.nio.NioEventLoop.processSelectedKeys(NioEventLoop.java:497) [mockserver-netty-5.3.0-jar-with-dependencies.jar:na]
	at io.netty.channel.nio.NioEventLoop.run(NioEventLoop.java:459) [mockserver-netty-5.3.0-jar-with-dependencies.jar:na]
	at io.netty.util.concurrent.SingleThreadEventExecutor$5.run(SingleThreadEventExecutor.java:858) [mockserver-netty-5.3.0-jar-with-dependencies.jar:na]
	at io.netty.util.concurrent.DefaultThreadFactory$DefaultRunnableDecorator.run(DefaultThreadFactory.java:138) [mockserver-netty-5.3.0-jar-with-dependencies.jar:na]
	at java.base/java.lang.Thread.run(Thread.java:844) [na:na]
2018-09-08 14:54:33,910 ERROR [nioEventLoopGroup-2-1] i.n.u.c.D.rejectedExecution [?:?] Failed to submit a listener notification task. Event loop shut down?
java.util.concurrent.RejectedExecutionException: event executor terminated
	at io.netty.util.concurrent.SingleThreadEventExecutor.reject(SingleThreadEventExecutor.java:821) ~[mockserver-netty-5.3.0-jar-with-dependencies.jar:na]
	at io.netty.util.concurrent.SingleThreadEventExecutor.offerTask(SingleThreadEventExecutor.java:327) ~[mockserver-netty-5.3.0-jar-with-dependencies.jar:na]
	at io.netty.util.concurrent.SingleThreadEventExecutor.addTask(SingleThreadEventExecutor.java:320) ~[mockserver-netty-5.3.0-jar-with-dependencies.jar:na]
	at io.netty.util.concurrent.SingleThreadEventExecutor.execute(SingleThreadEventExecutor.java:746) ~[mockserver-netty-5.3.0-jar-with-dependencies.jar:na]
	at io.netty.util.concurrent.DefaultPromise.safeExecute(DefaultPromise.java:760) [mockserver-netty-5.3.0-jar-with-dependencies.jar:na]
	at io.netty.util.concurrent.DefaultPromise.notifyListeners(DefaultPromise.java:428) [mockserver-netty-5.3.0-jar-with-dependencies.jar:na]
	at io.netty.util.concurrent.DefaultPromise.tryFailure(DefaultPromise.java:122) [mockserver-netty-5.3.0-jar-with-dependencies.jar:na]
	at io.netty.channel.AbstractChannel$AbstractUnsafe.safeSetFailure(AbstractChannel.java:987) [mockserver-netty-5.3.0-jar-with-dependencies.jar:na]
	at io.netty.channel.AbstractChannel$AbstractUnsafe.register(AbstractChannel.java:491) [mockserver-netty-5.3.0-jar-with-dependencies.jar:na]
	at io.netty.channel.SingleThreadEventLoop.register(SingleThreadEventLoop.java:80) [mockserver-netty-5.3.0-jar-with-dependencies.jar:na]
	at io.netty.channel.SingleThreadEventLoop.register(SingleThreadEventLoop.java:74) [mockserver-netty-5.3.0-jar-with-dependencies.jar:na]
	at io.netty.channel.MultithreadEventLoopGroup.register(MultithreadEventLoopGroup.java:86) [mockserver-netty-5.3.0-jar-with-dependencies.jar:na]
	at io.netty.bootstrap.ServerBootstrap$ServerBootstrapAcceptor.channelRead(ServerBootstrap.java:255) [mockserver-netty-5.3.0-jar-with-dependencies.jar:na]
	at io.netty.channel.AbstractChannelHandlerContext.invokeChannelRead(AbstractChannelHandlerContext.java:362) [mockserver-netty-5.3.0-jar-with-dependencies.jar:na]
	at io.netty.channel.AbstractChannelHandlerContext.invokeChannelRead(AbstractChannelHandlerContext.java:348) [mockserver-netty-5.3.0-jar-with-dependencies.jar:na]
	at io.netty.channel.AbstractChannelHandlerContext.fireChannelRead(AbstractChannelHandlerContext.java:340) [mockserver-netty-5.3.0-jar-with-dependencies.jar:na]
	at io.netty.channel.DefaultChannelPipeline$HeadContext.channelRead(DefaultChannelPipeline.java:1359) [mockserver-netty-5.3.0-jar-with-dependencies.jar:na]
	at io.netty.channel.AbstractChannelHandlerContext.invokeChannelRead(AbstractChannelHandlerContext.java:362) [mockserver-netty-5.3.0-jar-with-dependencies.jar:na]
	at io.netty.channel.AbstractChannelHandlerContext.invokeChannelRead(AbstractChannelHandlerContext.java:348) [mockserver-netty-5.3.0-jar-with-dependencies.jar:na]
	at io.netty.channel.DefaultChannelPipeline.fireChannelRead(DefaultChannelPipeline.java:935) [mockserver-netty-5.3.0-jar-with-dependencies.jar:na]
	at io.netty.channel.nio.AbstractNioMessageChannel$NioMessageUnsafe.read(AbstractNioMessageChannel.java:93) [mockserver-netty-5.3.0-jar-with-dependencies.jar:na]
	at io.netty.channel.nio.NioEventLoop.processSelectedKey(NioEventLoop.java:645) [mockserver-netty-5.3.0-jar-with-dependencies.jar:na]
	at io.netty.channel.nio.NioEventLoop.processSelectedKeysOptimized(NioEventLoop.java:580) [mockserver-netty-5.3.0-jar-with-dependencies.jar:na]
	at io.netty.channel.nio.NioEventLoop.processSelectedKeys(NioEventLoop.java:497) [mockserver-netty-5.3.0-jar-with-dependencies.jar:na]
	at io.netty.channel.nio.NioEventLoop.run(NioEventLoop.java:459) [mockserver-netty-5.3.0-jar-with-dependencies.jar:na]
	at io.netty.util.concurrent.SingleThreadEventExecutor$5.run(SingleThreadEventExecutor.java:858) [mockserver-netty-5.3.0-jar-with-dependencies.jar:na]
	at io.netty.util.concurrent.DefaultThreadFactory$DefaultRunnableDecorator.run(DefaultThreadFactory.java:138) [mockserver-netty-5.3.0-jar-with-dependencies.jar:na]
	at java.base/java.lang.Thread.run(Thread.java:844) [na:na]
2018-09-08 14:54:33,915 ERROR [nioEventLoopGroup-2-1] i.n.u.c.D.rejectedExecution [?:?] Failed to submit a listener notification task. Event loop shut down?
java.util.concurrent.RejectedExecutionException: event executor terminated
	at io.netty.util.concurrent.SingleThreadEventExecutor.reject(SingleThreadEventExecutor.java:821) ~[mockserver-netty-5.3.0-jar-with-dependencies.jar:na]
	at io.netty.util.concurrent.SingleThreadEventExecutor.offerTask(SingleThreadEventExecutor.java:327) ~[mockserver-netty-5.3.0-jar-with-dependencies.jar:na]
	at io.netty.util.concurrent.SingleThreadEventExecutor.addTask(SingleThreadEventExecutor.java:320) ~[mockserver-netty-5.3.0-jar-with-dependencies.jar:na]
	at io.netty.util.concurrent.SingleThreadEventExecutor.execute(SingleThreadEventExecutor.java:746) ~[mockserver-netty-5.3.0-jar-with-dependencies.jar:na]
	at io.netty.util.concurrent.DefaultPromise.safeExecute(DefaultPromise.java:760) [mockserver-netty-5.3.0-jar-with-dependencies.jar:na]
	at io.netty.util.concurrent.DefaultPromise.notifyListeners(DefaultPromise.java:428) [mockserver-netty-5.3.0-jar-with-dependencies.jar:na]
	at io.netty.util.concurrent.DefaultPromise.addListener(DefaultPromise.java:163) [mockserver-netty-5.3.0-jar-with-dependencies.jar:na]
	at io.netty.channel.DefaultChannelPromise.addListener(DefaultChannelPromise.java:93) [mockserver-netty-5.3.0-jar-with-dependencies.jar:na]
	at io.netty.channel.DefaultChannelPromise.addListener(DefaultChannelPromise.java:28) [mockserver-netty-5.3.0-jar-with-dependencies.jar:na]
	at io.netty.bootstrap.ServerBootstrap$ServerBootstrapAcceptor.channelRead(ServerBootstrap.java:255) [mockserver-netty-5.3.0-jar-with-dependencies.jar:na]
	at io.netty.channel.AbstractChannelHandlerContext.invokeChannelRead(AbstractChannelHandlerContext.java:362) [mockserver-netty-5.3.0-jar-with-dependencies.jar:na]
	at io.netty.channel.AbstractChannelHandlerContext.invokeChannelRead(AbstractChannelHandlerContext.java:348) [mockserver-netty-5.3.0-jar-with-dependencies.jar:na]
	at io.netty.channel.AbstractChannelHandlerContext.fireChannelRead(AbstractChannelHandlerContext.java:340) [mockserver-netty-5.3.0-jar-with-dependencies.jar:na]
	at io.netty.channel.DefaultChannelPipeline$HeadContext.channelRead(DefaultChannelPipeline.java:1359) [mockserver-netty-5.3.0-jar-with-dependencies.jar:na]
	at io.netty.channel.AbstractChannelHandlerContext.invokeChannelRead(AbstractChannelHandlerContext.java:362) [mockserver-netty-5.3.0-jar-with-dependencies.jar:na]
	at io.netty.channel.AbstractChannelHandlerContext.invokeChannelRead(AbstractChannelHandlerContext.java:348) [mockserver-netty-5.3.0-jar-with-dependencies.jar:na]
	at io.netty.channel.DefaultChannelPipeline.fireChannelRead(DefaultChannelPipeline.java:935) [mockserver-netty-5.3.0-jar-with-dependencies.jar:na]
	at io.netty.channel.nio.AbstractNioMessageChannel$NioMessageUnsafe.read(AbstractNioMessageChannel.java:93) [mockserver-netty-5.3.0-jar-with-dependencies.jar:na]
	at io.netty.channel.nio.NioEventLoop.processSelectedKey(NioEventLoop.java:645) [mockserver-netty-5.3.0-jar-with-dependencies.jar:na]
	at io.netty.channel.nio.NioEventLoop.processSelectedKeysOptimized(NioEventLoop.java:580) [mockserver-netty-5.3.0-jar-with-dependencies.jar:na]
	at io.netty.channel.nio.NioEventLoop.processSelectedKeys(NioEventLoop.java:497) [mockserver-netty-5.3.0-jar-with-dependencies.jar:na]
	at io.netty.channel.nio.NioEventLoop.run(NioEventLoop.java:459) [mockserver-netty-5.3.0-jar-with-dependencies.jar:na]
	at io.netty.util.concurrent.SingleThreadEventExecutor$5.run(SingleThreadEventExecutor.java:858) [mockserver-netty-5.3.0-jar-with-dependencies.jar:na]
	at io.netty.util.concurrent.DefaultThreadFactory$DefaultRunnableDecorator.run(DefaultThreadFactory.java:138) [mockserver-netty-5.3.0-jar-with-dependencies.jar:na]
	at java.base/java.lang.Thread.run(Thread.java:844) [na:na]
